[debug] [2025-11-28T14:50:45.354Z] ----------------------------------------------------------------------
[debug] [2025-11-28T14:50:45.356Z] Command:       /opt/homebrew/Cellar/node/24.2.0/bin/node /opt/homebrew/bin/firebase init
[debug] [2025-11-28T14:50:45.356Z] CLI Version:   14.26.0
[debug] [2025-11-28T14:50:45.356Z] Platform:      darwin
[debug] [2025-11-28T14:50:45.356Z] Node Version:  v24.2.0
[debug] [2025-11-28T14:50:45.356Z] Time:          Fri Nov 28 2025 11:50:45 GMT-0300 (Argentina Standard Time)
[debug] [2025-11-28T14:50:45.356Z] ----------------------------------------------------------------------
[debug] 
[info] 
     ######## #### ########  ######## ########     ###     ######  ########
     ##        ##  ##     ## ##       ##     ##  ##   ##  ##       ##
     ######    ##  ########  ######   ########  #########  ######  ######
     ##        ##  ##    ##  ##       ##     ## ##     ##       ## ##
     ##       #### ##     ## ######## ########  ##     ##  ######  ########

You're about to initialize a Firebase project in this directory:

  /Users/tadeork/workspace/bookyman

[debug] [2025-12-02T03:13:38.311Z] ExitPromptError: User force closed the prompt with SIGINT
    at Interface.sigint (/opt/homebrew/lib/node_modules/firebase-tools/node_modules/@inquirer/core/dist/commonjs/lib/create-prompt.js:101:37)
    at Interface.emit (node:events:507:28)
    at Interface.emit (node:domain:489:12)
    at [_ttyWrite] [as _ttyWrite] (node:internal/readline/interface:1315:18)
    at ReadStream.onkeypress (node:internal/readline/interface:284:20)
    at ReadStream.emit (node:events:519:35)
    at ReadStream.emit (node:domain:489:12)
    at emitKeys (node:internal/readline/utils:371:14)
    at emitKeys.next (<anonymous>)
    at ReadStream.onData (node:internal/readline/emitKeypressEvents:64:36)
[error] 
[error] Error: An unexpected error has occurred.
